2021-01-31 10:58:55.351 [main] DEBUG edu.cooper.ece465.prim - We've just greeted the user!
2021-01-31 10:58:55.358 [main] INFO  edu.cooper.ece465.prim - We've just greeted the user!
2021-01-31 10:58:55.359 [main] WARN  edu.cooper.ece465.prim - We've just greeted the user!
2021-01-31 10:58:55.359 [main] ERROR edu.cooper.ece465.prim - We've just greeted the user!
2021-01-31 10:58:55.359 [main] FATAL edu.cooper.ece465.prim - We've just greeted the user!
2021-01-31 11:10:06.297 [main] INFO  edu.cooper.ece465.prim - Welcome to explore Prim's Algorithm!
2021-01-31 11:10:19.823 [main] INFO  edu.cooper.ece465.prim - Program ends!
2021-01-31 11:13:19.847 [main] INFO  edu.cooper.ece465.prim - Welcome to explore Prim's Algorithm!
2021-01-31 11:13:26.213 [main] INFO  edu.cooper.ece465.prim - Program ends!
2021-01-31 11:38:49.645 [main] INFO  edu.cooper.ece465.prim - Welcome to explore Prim's Algorithm!
2021-01-31 11:39:04.075 [main] INFO  edu.cooper.ece465.prim - Program ends!
2021-01-31 12:14:42.552 [main] INFO  edu.cooper.ece465.prim - Welcome to explore Prim's Algorithm!
2021-01-31 12:14:46.951 [main] INFO  edu.cooper.ece465.prim - Program ends!
2021-01-31 12:15:34.073 [main] INFO  edu.cooper.ece465.prim - Welcome to explore Prim's Algorithm!
2021-01-31 12:15:45.235 [main] INFO  edu.cooper.ece465.prim - Program ends!
2021-01-31 12:15:57.748 [main] INFO  edu.cooper.ece465.prim - Welcome to explore Prim's Algorithm!
2021-01-31 12:16:03.035 [main] INFO  edu.cooper.ece465.prim - Program ends!
2021-01-31 12:16:32.344 [main] INFO  edu.cooper.ece465.prim - Welcome to explore Prim's Algorithm!
2021-01-31 12:16:37.263 [main] INFO  edu.cooper.ece465.prim - Program ends!
2021-01-31 12:16:47.510 [main] INFO  edu.cooper.ece465.prim - Welcome to explore Prim's Algorithm!
2021-01-31 12:16:52.367 [main] INFO  edu.cooper.ece465.prim - Program ends!
2021-01-31 12:17:19.267 [main] INFO  edu.cooper.ece465.prim - Welcome to explore Prim's Algorithm!
2021-01-31 12:17:37.050 [main] INFO  edu.cooper.ece465.prim - Program ends!
2021-01-31 12:17:49.889 [main] INFO  edu.cooper.ece465.prim - Welcome to explore Prim's Algorithm!
2021-01-31 12:17:52.384 [main] INFO  edu.cooper.ece465.prim - Program ends!
2021-01-31 12:18:17.819 [main] INFO  edu.cooper.ece465.prim - Welcome to explore Prim's Algorithm!
2021-01-31 12:18:22.251 [main] INFO  edu.cooper.ece465.prim - Program ends!
2021-01-31 12:18:31.885 [main] INFO  edu.cooper.ece465.prim - Welcome to explore Prim's Algorithm!
2021-01-31 12:18:41.623 [main] INFO  edu.cooper.ece465.prim - Program ends!
2021-01-31 12:18:57.345 [main] INFO  edu.cooper.ece465.prim - Welcome to explore Prim's Algorithm!
2021-01-31 12:19:04.756 [main] INFO  edu.cooper.ece465.prim - Program ends!
2021-01-31 12:19:52.886 [main] INFO  edu.cooper.ece465.prim - Welcome to explore Prim's Algorithm!
2021-01-31 12:20:08.390 [main] INFO  edu.cooper.ece465.prim - Welcome to explore Prim's Algorithm!
2021-01-31 12:20:12.813 [main] INFO  edu.cooper.ece465.prim - Program ends!
2021-01-31 12:20:44.812 [main] INFO  edu.cooper.ece465.prim - Welcome to explore Prim's Algorithm!
2021-01-31 12:20:49.089 [main] INFO  edu.cooper.ece465.prim - Program ends!
2021-01-31 12:21:04.349 [main] INFO  edu.cooper.ece465.prim - Welcome to explore Prim's Algorithm!
2021-01-31 12:21:11.388 [main] INFO  edu.cooper.ece465.prim - Welcome to explore Prim's Algorithm!
2021-01-31 12:21:17.961 [main] INFO  edu.cooper.ece465.prim - Program ends!
2021-01-31 12:22:05.063 [main] INFO  edu.cooper.ece465.prim - Welcome to explore Prim's Algorithm!
2021-01-31 12:22:12.252 [main] INFO  edu.cooper.ece465.prim - Welcome to explore Prim's Algorithm!
2021-01-31 12:22:30.910 [main] INFO  edu.cooper.ece465.prim - Program ends!
2021-01-31 12:22:48.249 [main] INFO  edu.cooper.ece465.prim - Welcome to explore Prim's Algorithm!
2021-01-31 12:23:15.369 [main] INFO  edu.cooper.ece465.prim - Program ends!
2021-01-31 12:23:58.785 [main] INFO  edu.cooper.ece465.prim - Welcome to explore Prim's Algorithm!
2021-01-31 12:24:12.441 [main] INFO  edu.cooper.ece465.prim - Program ends!
2021-01-31 12:24:21.983 [main] INFO  edu.cooper.ece465.prim - Welcome to explore Prim's Algorithm!
2021-01-31 12:24:25.420 [main] INFO  edu.cooper.ece465.prim - Program ends!
2021-01-31 12:24:48.082 [main] INFO  edu.cooper.ece465.prim - Welcome to explore Prim's Algorithm!
2021-01-31 12:25:01.064 [main] INFO  edu.cooper.ece465.prim - Program ends!
2021-01-31 12:25:57.444 [main] INFO  edu.cooper.ece465.prim - Welcome to explore Prim's Algorithm!
2021-01-31 12:26:02.187 [main] INFO  edu.cooper.ece465.prim - Program ends!
